 Это та самая голая девушка с длинными темными волосами, которую они видели ночью, только на снимке она улыбается и держит в руках кубок с крошечным золотым теннисистом сверху.
 Чтобы люди заказывали себе выпить, потом — еще и еще, пока им волей-неволей не приходилось остаться на ночь.
 Черной как сама ночь.
 Туристы с детьми стояли поодаль, на безопасной дощатой дорожке, и им было слышно, как Олсон молит Господа проявить милосердие к официантам Эвану и Лео, которые погрязли в распутстве и каждую ночь совершают греховный акт содомии.
 Тот самый Герцог Вандальский, который вчера ночью спустился в подвал с хлебным ножом и перерезал все провода, ведущие к отопительному котлу.
 Распевая «Изумительную благодать» и ни разу не повторяя один и тот же куплет на протяжении целой мили, Олсон уходит в ночь, белая фигура на белом снегу.
 По старинной театральной традиции, ночью на сцене всегда оставляют свет — отпугивать привидений, чтобы никому из них не пришло в голову поселиться в здании.
По старинной театральной традиции ночью на сцене всегда оставляют свет — отпугивать привидений, чтобы они не пробрались в пустой театр.
 Отпив по глоточку, все четверо идут гулять в темноте — в парк, куда ночью никто не ходит.
 От того, что она целую ночь растапливала во рту снег, ее десны покрылись белыми пятнами.
 Они падают в раковину, длинные, черные, ресничка и ресничке, исчезают в сливном отверстии, и она даже не смотрит на мать, на ее отражение у себя за спиной-  В ту ночь миссис Кларк слышит, как дочь поднимается еще затемно.
 Один счет — за номер в отеле, в ту самую ночь, когда детектив брал девочку на ночь домой, потому что она была ему нужна для завтрашнего допроса уже рано утром.
 Один счет — за номер в отеле, в ту самую ночь, когда детектив брал девочку на ночь домой, потому что она была ему нужна для завтрашнего допроса уже рано утром.
 На всю ночь, потому что они будут нужны завтра рано утром.
 Или кислотно-желтыми, оранжевыми или зелеными — чтобы поздно ночью, в темном переулке, человек мог увидеть, как эта штука летит на него.
 Занимает всю ночь.
 Если персики уже зацвели, а ночью обещали мороз, дядьки делали: кх-ррк.
 Другой детектив, на следующую ночь: снова девочка, номер в отеле, ужин, заказанный в номер.
 Глаза — две черных дыры, напряженно глядящих в ночь.
 Всю ночь стоишь на ногах, на холодном бетоне.
 Вот она, долгая дорога домой в темноте, которая обязательно будет — если не сегодня, то в какую-то другую ночь.
Вот он, тот самый шаг, с которого каждая ночь превращается в путь по миру, где каждый художник ждет своего шанса стать знаменитым.
 Вот он лежит ночью в постели и с ужасом наблюдает за тем, как раздувается его брюхо.
 В ту ночь, глядя на эти рисунки, Терри почти решился бросить свою затею.
В ту ночь весь город гремел музыкой, и никого не убили.
 А ночью их домик на горе Сент-Хеленс окружила целая стая этих гигантских «горилл» и забросала его камнями.
  У каждого вечера была своя тема:  «Мир во всем мире»  Или: «В надежде на наше еще не рожденное будущее»  Представьте, что каждая ночь в вашей жизни — как выпускной бал.
      * * *   В тот вечер ужин был мертв, убит зловонной плесенью Офанто — никто не предпринял и попытки его устроить.
  Почти всю жизнь она хранила в себе то, что он кричал в ту ночь.
      * * *   Сегодня вечером будут гости.
      * * *   Тем вечером за ужином он провел мысленный эксперимент, или чувственный эксперимент: впервые посмотрел на Шехерезаду любовными глазами.
      4     Добрый вечер (ит.
      Как все сложилось в 1979-м     Семь часов вечера, день свадьбы Глории Бьютимэн, Кит добрался до середины четвертой партии в скрэббл — против него играет Кенрик.
    — Х-м-м, — говорит Глория в порядке вежливого ввода в курс дела, когда он везет ее на первую из летних вечеринок, местом проведения которой выбран роскошный «бриг-гермафродит» (двухмачтовый парусник) на реке Темзе.
    На обед были остатки с (очень далекого) прошлого вечера.
    На этом нам следует перескочить вперед, к шести тридцати вечера того же дня.
    Перед самым вечером к нему пришла третья посетительница — с чашкой чаю, поцелуем в макушку и письмом от его брата Николаса.
  Недостающее Звено уже представляет, как он будет всю ночь бегать на цыпочках в комнату мистера Уиттиера и вливать ему в горло воду, пока тот не лопнет: ба-бах.
    Преданная партнерша, приведенная Адриано тем вечером на ужин, Нерисса, ростом была пять футов пять дюймов и всячески проявляла свои чувства.
  Насколько я понимаю, даже если бы я не прибил своего мистера Любопытного Детектива, его бы прикончила долгая холодная ночь.
  Мы встаем, кое-как одеваемся, неуверенные, сколько мы спали: один час или целую ночь.
  — Добрый вечер, Кит.
 — Добрый вечер, Глория, — сказал он.
  Именно в эту ночь у обочины резко тормозит черный автомобиль: то есть сначала виляет в сторону, а потом тормозит и ударяется о бордюр, так что одно колесо даже выскакивает на тротуар.
  — Не могу представить — не могу поверить, что я вчера вечером вела себя прямо как настоящая ведьма.
  — Она считает, завтра вечером.
  И вот как-то ночью, когда уже совсем стемнело, слепни и комары вьются вокруг фонаря у меня на крыльце.
  — Сегодня вечером есть выбор — мясо или рыба.
  — Этот ранний уход, — сказал Уиттэкер вслед за лязгом тяжелой, но далекой двери, — омрачит наш вечер.
  День и ночь — здесь понятия относительные.
  Даже телевизионщики не приехали ни разу, пока миссис Кларк мыла и чистила  Кассандра прождала еще одну ночь в том каньоне, на другой стороне ручья, примерно на середине каменистого склона, вдалеке от лесничих троп.
  Было четверть девятого вечера, и он стоял в душе в той, исполненной значения ванной.
  В вечернем пиджаке, в бежевом джемпере, Йоркиль, недолго пораздражавшись и понажимав плечом, справился и освободил стеклянную дверь.
  В среду вечером наверху, в башенке, Юпитера с Юноной и след простыл.
  Где-то в городе, каждую ночь, черный автомобиль выезжает на поиски миссис Кейс, единственной свидетельницы преступления.
  В ту пятницу, вечером, Твидлдам занимался сексом с Твидлди.
  Два вечера назад Адриано прибыл на ужин вертолетом.
  День на работе выдался скучный (август), и я решил оживить вечер фильмом с элементами насилия.
  Днем он походил на неуклюжего фермера-джентльмена (твил, трилби, твид, трость для прогулок); вечером он походил на неуклюжего фермера-джентльмена в смокинге (его неизменный туалет для ужина).
  Во времена психопата с топором в Новом Орлеане убийца написал в местную газету «Times-Picayune» и пообещал, что в ночь на 19 марта он не убьет никого в том доме, где будет играть джаз.
  Еще не пробило и одиннадцати, но вечер начал подходить к концу.
  В ту ночь в наушниках у помощника шерифа прозвучал женский голос:  — Так вот где ты пропадала?
 В ту ночь в каньоне она уже слышала, как помощник шерифа ломится сквозь кустарник, чтобы ее задержать.
 В ту ночь Терри Флетчер трижды стреляет ему в спину — паф-паф-паф.
 В ту ночь Олсон Рид рассказал ей историю.
  Киту представилась Ашраф — мусульманка дискотек и мини-юбок, мусульманка в клевых трусах, по вечерам пившая «Чивас Ригал».
  Один вечер в неделю Дэвид брал Паулу домой к своим родителям.
  Она все уходит и возвращается, снова и снова, и все-таки в тот вечер она рассказывает ему многое.
  Позавчера вечером я водил Вайолет на вечеринку у Сью с Марком.
  Позавчера вечером я водил Вайолет на вечеринку у Сью с Марком.
  Сегодня вечером их ждали фруктовые коктейли, представление (она обожала представления, а у него были хорошие билеты на «Друга детства»), затем ужин в «Трейдер-вик».
  Тем вечером за ужином Кит пристально наблюдал за ним — деревенским дурачком в вечернем костюме.
  Тем вечером за ужином Кит пристально наблюдал за ним — деревенским дурачком в вечернем костюме.
 —  И мне прийти велит  На вечерю: — Насыться хлебом сим!
 — Оно было у меня при себе вчера вечером.
 — двадцать вечеров наедине с Шехерезадой.
 — спросил он Лили тем вечером в салоне.
— спросил он Сильвию как-то поздно вечером.
 А Йорка не будет до самого вечера.
 Большую часть вечера Кит пробеседовал с ее матерью и теперь находился в положении (расправленные веером карты Шехерезады торчали в шести дюймах от его подбородка), откуда было прекрасно видно, что такое юность.
 В тот вечер накануне моего дня рождения.
В тот вечер, гуляя по Лондону, им с Вайолет надо было что-то найти.
 Взрослые мужчина и женщина по вечерам пьют шипучку.
 Видишь ли, Лили, я, честно говоря, довольно сильно разочарован тем, как все сложилось сегодня вечером.
 Выпить любила и дала в первый же вечер.
 Да только Кит, уже пятый раз подряд, терпел страшные мучения на шахматной доске; да только Тимми тем же летом получил диплом с отличием в Кембриджском университете; да только эти его длинные пальцы прошлым вечером носились и извивались по стволу его виолончели, в то время как другая рука выпиливала до невозможности страдальческую фугу (композитор — И.
 Ей было дозволено принимать меня у себя в комнате, что она и делала чуть ли не каждый вечер (с шести тридцати до девяти) на протяжении почти двух месяцев.
 Ибо каждое утро Вайолет, пройдя по планке, шла дальше, в город, где подцепляла в пабах мужчин, а возвращалась ранним вечером в разной степени раздетости и недееспособности, и ее надо было купать и кормить.
 Как и предыдущим вечером.
 Как-то вечером Сильвия сказала, что Европе году примерно к 2110-му суждено стать континентом, в основном населенным мусульманами.
 Когда он в тот вечер говорил о политизации лифчиков.
 Когда они прощались в тот вечер, вечер поцелуя, она сказала: «Знаешь, я рада, что это произошло с хорошим парнем».
 Когда они прощались в тот вечер, вечер поцелуя, она сказала: «Знаешь, я рада, что это произошло с хорошим парнем».
 Который весь вечер рассказывал про годы, проведенные в морских странствиях (все они прошли в трюме траулера в Северном море за потрошением рыбы).
 Не будет ни рыжего пса, ни четверенек с Шехерезадой, ни гоночного демона; сегодня вечером не будет.
асов в кабине пилота (столько профессиональный летчик может налетать на протяжении всей своей карьеры), в то же время он прочитывал каждое утро 350 газет и всегда, каждый день, находил время на пятиборье, включающее в себя интенсивные упражнения, а каждый вечер — на длительную интерлюдию наедине со скрипкой.
 Ну да, вечер, ничем не выделяющийся из прочих.
 Ну, ладно, давай… Дома у Дилькаш родители по вечерам пили шипучку.
 Одетый в вечерний костюм Кит Ниринг открывает пассажирскую дверцу и протягивает руку к одетой в китайское платье Глории Бьютимэн.
Один вечер в неделю Сильвия приходила с Паулой в дом над Хэмстед-хитом.
 Однажды вечером оно возьмет и выскочит.
 Он у нее заночевал после одной вечеринки, а она пришла пожелать спокойной ночи.
 Она обладала особыми способностями, которые продемонстрировала раза три-четыре родственникам и прочим гостям, а однажды на вечеринке (студенты, университетская публика, профессора социологии и истории) — ко всеобщему восхищению и под аплодисменты.
 По-моему, у меня то, что было у тебя вчера вечером.
 Полчаса в одиночестве за столиком с книгой — это тоже составляло часть его вечера.
 Приходи на летние вечеринки.
 Сегодня вечером они устраивают праздничный ужин по случаю недавно прошедшего дня рождения Кита.
Сегодня вечером шекспировский бал.
 Скоро две вечеринки на работе должны быть.
 Слушай, извини за то, что я сказал тем вечером.
 Спустя восемь месяцев мы с Арном как-то вечером возвращаемся к нему, а они нас на улице ждут.
 Тем вечером Кит продолжал посматривать на небо, вероятно понимая, что в последнее время не баловал его вниманием.
 Теперь у Кита была ссуда на внушительных размеров квартирку в Ноттинг-хилле, ездил он на немецкой машине, одет был — тем вечером — в шарф и пальто черного кашемира.
 Теперь этот мудак, подозреваю, накинет свой вечерний костюм прямо на пропотевший джемпер.
 Тут следует заметить, что на той неделе я два дня подряд занимался вечерними новостями (Вьетнам).
 Тут эта новая чувиха в квартиру въехала, я ее сегодня вечером веду ужинать.
 Ты бы, девка, это скинула как-нибудь вечерком, дала б нам всем поглазеть.
 Ты видела, как она вчера вечером с гусем управлялась?
 Ты завтра вечером, от шести тридцати до восьми, свободен?
 Ты хоть раз слышал, чтобы она назвала Импи Импи — в тот вечер за ужином, весь следующий день?
 Шехерезада сказала:  — В тот вечер — почему граф не поцеловал меня в тот вечер?
 Шехерезада сказала:  — В тот вечер — почему граф не поцеловал меня в тот вечер?
Шехерезада сказала:  — Я думала, в один прекрасный вечер я внезапно расслаблюсь и тогда посмотрим, как у нас пойдет дело.
 своей сестрой Энн — самая жалкая и болезненная из возможных комбинаций: Эмили умерла в тридцать, а Энн («Агнес Грей») умерла в двадцать девять… Кит занимался любовью с Лили — какое-никакое, но все-таки выступление, повторить каковое он поклялся в четверг вечером и в пятницу вечером.
 самая жалкая и болезненная из возможных комбинаций: Эмили умерла в тридцать, а Энн («Агнес Грей») умерла в двадцать девять… Кит занимался любовью с Лили — какое-никакое, но все-таки выступление, повторить каковое он поклялся в четверг вечером и в пятницу вечером.
 Это начало повторяться едва ли не через вечер.
 Это случилось прошлым вечером.
 Я говорил Шехерезаде: сегодня вечером ты идешь в город.
 Я прочел его вчера вечером.
 Я слышал, ты нюхала кокаин в какой-то ванной на вечеринке.
[46]  Будут ли сегодня вечером карты?
» Кит понимал, что шансов на успех не намного больше, чем на космическое явление всесильного существа прямо сегодня вечером.
      Глава двадцать девятая     В полицейском протоколе не сказано, какой теплой была моя жена Джина в то утро.
  А потом, в первое утро на новом месте, они спускаются вниз, и вот оно, нацарапано на дубовом паркете:  УБИРАЙТЕСЬ  Одни хозяева делают вид, что это шутка кого-нибудь из приятелей.
  В газетах написано, что фотомодель и манекенщица по имени Денни Д'Тестро была найдена мертвой у себя в квартире сегодня утром.
  В то утро я себя чувствовал Самым счастливым человеком на свете.
  Миллион человек посмотрят какое-нибудь телешоу, а наутро они все умрут, потому что посреди программы была реклама.
  Мой первый реальный ребенок был в сентябре, в понедельник утром.
  Мона говорит, вытаскивая у меня из ноги дверную раму:  — Как раз сегодня утром Элен мне сказала, что может так получиться, что ей придется тебя убить.
  На следующее утро, в девять часов, горничная обнаружила их обоих мертвыми.
  Очередной новый хозяин на телефоне — это вовсе не то, что нужно нашей героине, Элен Гувер Бойль, в это конкретное утро.
  Тот парень, который свалился здесь, в баре, сегодня утром, парень с бачками и сотовым телефоном, — смерть безо всякой видимой причины.
 — Я говорю: — А утром тогда поговорим.
 А наутро детей нашли мертвыми.
А наутро ты просыпаешься, а твоя семья — нет.
 Большинство малышей умирают у себя в кроватках между полуночью и ранним утром, но ребенок может умереть и когда спит в постели с родителями.
 Малейший повод к раздражению — и на следующее утро пациента находили мертвым.
 Но утроенная мощность не приносит тебе победы.
 Перламутровая отделка и золоченая бронза.
 Сегодня утром я обнаружил на потолке пятно.
Сегодня утром, в машине, я попросил Мону посмотреть, что у меня с ногой.
 как мы увидели Патрика в то утро.
